<?xml version="1.0" encoding="UTF-8"?>
<!-- Generated by org.testng.reporters.JUnitReportReporter -->
<testsuite skipped="0" hostname="DESKTOP-05024SV" name="org.sampletest.SampleTestNG" tests="5" failures="0" timestamp="10 Feb 2022 08:13:25 GMT" time="17.596" errors="0">
  <testcase name="tc05" time="6.346" classname="org.sampletest.SampleTestNG"/>
  <testcase name="tc03" time="1.305" classname="org.sampletest.SampleTestNG"/>
  <testcase name="tc01" time="5.465" classname="org.sampletest.SampleTestNG"/>
  <testcase name="tc02" time="2.629" classname="org.sampletest.SampleTestNG"/>
  <testcase name="tc04" time="1.851" classname="org.sampletest.SampleTestNG"/>
</testsuite> <!-- org.sampletest.SampleTestNG -->
