<?xml version="1.0" encoding="UTF-8"?>
<!-- Generated by org.testng.reporters.JUnitReportReporter -->
<testsuite skipped="0" hostname="DESKTOP-05024SV" name="org.sampletest.SampleTwo" tests="1" failures="0" timestamp="09 Feb 2022 14:03:39 GMT" time="0.032" errors="0">
  <testcase name="tc05" time="0.032" classname="org.sampletest.SampleTwo"/>
</testsuite> <!-- org.sampletest.SampleTwo -->
