<?xml version="1.0" encoding="UTF-8"?>
<!-- Generated by org.testng.reporters.JUnitReportReporter -->
<testsuite skipped="0" hostname="DESKTOP-05024SV" name="org.sampletest.SampleTestNgBase" tests="5" failures="0" timestamp="10 Feb 2022 10:08:47 GMT" time="19.308" errors="0">
  <testcase name="tc02" time="2.576" classname="org.sampletest.SampleTestNgBase"/>
  <testcase name="tc05" time="10.126" classname="org.sampletest.SampleTestNgBase"/>
  <testcase name="tc04" time="1.626" classname="org.sampletest.SampleTestNgBase"/>
  <testcase name="tc03" time="0.872" classname="org.sampletest.SampleTestNgBase"/>
  <testcase name="tc01" time="4.108" classname="org.sampletest.SampleTestNgBase"/>
</testsuite> <!-- org.sampletest.SampleTestNgBase -->
